// 重构日志: 997220b4
// 重构日志: f90ee0b7
// 重构日志: a99ee674
// 重构日志: 113a41d2
// 同步 ID: aaec7f1a @ Mon Jul  6 13:26:33 UTC 2026
// 重构日志: fb55dae2
// 重构日志: d413c947
// 同步 ID: f341bffa @ Thu Jul  9 09:53:34 UTC 2026
// 重构日志: db54ef83
// 重构日志: 0bff4c9e
// 重构日志: 915cabbb
// 同步 ID: 47947950 @ Sun Jul 12 19:58:02 UTC 2026
// 同步 ID: 4fa77b2d @ Tue Jul 14 07:09:01 UTC 2026
// 重构日志: 3fa317c5
// 同步 ID: 577f8c6c @ Thu Jul 16 17:36:13 UTC 2026
// 同步 ID: 154b2042 @ Fri Jul 17 09:01:48 UTC 2026
// 重构日志: 39347369
// 重构日志: 07f88f4b
// 同步 ID: c3e790ca @ Sun Jul 19 15:59:38 UTC 2026
// 重构日志: 8dc8030a
// 重构日志: 2d90063e
